<?xml version="1.0" encoding="UTF-8"?>
<!-- Generated by org.testng.reporters.JUnitReportReporter -->
<testsuite skipped="0" hostname="DESKTOP-9HQCIRO" name="com.inetBanking.testCases.TC_NewCustomer_003" tests="1" failures="0" timestamp="28 Mar 2020 14:37:44 GMT" time="29.254" errors="0">
  <testcase name="addNewCustomer" time="29.254" classname="com.inetBanking.testCases.TC_NewCustomer_003"/>
</testsuite> <!-- com.inetBanking.testCases.TC_NewCustomer_003 -->
